Started on Sep 18, 2021, 10:40:00 AM
Polling SCM changes on master
Using strategy: Default
The recommended git tool is: NONE
No credentials specified
 > git rev-parse --resolve-git-dir /var/jenkins_home/workspace/NodeJS example with DSL/.git # timeout=10
Fetching changes from the remote Git repositories
 > git config remote.origin.url https://github.com/sushantbhatnagar/docker-demo.git # timeout=10
Fetching upstream changes from https://github.com/sushantbhatnagar/docker-demo.git
 > git --version # timeout=10
 > git --version # 'git version 2.30.2'
 > git fetch --tags --force --progress -- https://github.com/sushantbhatnagar/docker-demo.git +refs/heads/*:refs/remotes/origin/* # timeout=10
Polling for changes in
Seen branch in repository origin/master
Seen branch in repository origin/v1.0.1
Seen branch in repository origin/v1.0.2
Seen 3 remote branches
 > git show-ref --tags -d # timeout=10
 > git log --full-history --no-abbrev --format=raw -M -m --raw -1 60e6c11240f1e29dbef8df67a01ef580ce01cadf # timeout=10
Done. Took 2 sec
Changes found
